<?xml version="1.0" encoding="UTF-8"?>
<coverage generated="1709851164632" clover="3.2.0">
  <project timestamp="1709851164632" name="All files">
    <metrics statements="43" coveredstatements="43" conditionals="22" coveredconditionals="20" methods="10" coveredmethods="10" elements="75" coveredelements="73" complexity="0" loc="43" ncloc="43" packages="3" files="3" classes="3"/>
    <package name="argument">
      <metrics statements="19" coveredstatements="19" conditionals="10" coveredconditionals="9" methods="1" coveredmethods="1"/>
      <file name="argument.service.js" path="/Users/mac/Desktop/Code/SortPop/src/services/argument/argument.service.js">
        <metrics statements="19" coveredstatements="19" conditionals="10" coveredconditionals="9" methods="1" coveredmethods="1"/>
        <line num="11" count="5" type="cond" truecount="2" falsecount="0"/>
        <line num="12" count="1" type="stmt"/>
        <line num="13" count="1" type="stmt"/>
        <line num="15" count="4" type="stmt"/>
        <line num="16" count="4" type="cond" truecount="1" falsecount="1"/>
        <line num="17" count="4" type="stmt"/>
        <line num="19" count="4" type="cond" truecount="2" falsecount="0"/>
        <line num="20" count="2" type="cond" truecount="2" falsecount="0"/>
        <line num="21" count="1" type="stmt"/>
        <line num="22" count="1" type="stmt"/>
        <line num="24" count="1" type="stmt"/>
        <line num="25" count="1" type="stmt"/>
        <line num="26" count="1" type="stmt"/>
        <line num="29" count="2" type="cond" truecount="2" falsecount="0"/>
        <line num="30" count="1" type="stmt"/>
        <line num="31" count="1" type="stmt"/>
        <line num="32" count="1" type="stmt"/>
        <line num="35" count="1" type="stmt"/>
        <line num="36" count="1" type="stmt"/>
      </file>
    </package>
    <package name="count">
      <metrics statements="13" coveredstatements="13" conditionals="8" coveredconditionals="7" methods="4" coveredmethods="4"/>
      <file name="count.service.js" path="/Users/mac/Desktop/Code/SortPop/src/services/count/count.service.js">
        <metrics statements="13" coveredstatements="13" conditionals="8" coveredconditionals="7" methods="4" coveredmethods="4"/>
        <line num="9" count="1" type="stmt"/>
        <line num="10" count="2" type="stmt"/>
        <line num="11" count="2" type="cond" truecount="2" falsecount="0"/>
        <line num="12" count="1" type="stmt"/>
        <line num="13" count="2" type="cond" truecount="1" falsecount="1"/>
        <line num="14" count="2" type="stmt"/>
        <line num="17" count="2" type="stmt"/>
        <line num="20" count="1" type="stmt"/>
        <line num="29" count="5" type="cond" truecount="2" falsecount="0"/>
        <line num="30" count="2" type="stmt"/>
        <line num="31" count="3" type="cond" truecount="2" falsecount="0"/>
        <line num="32" count="2" type="stmt"/>
        <line num="34" count="1" type="stmt"/>
      </file>
    </package>
    <package name="filter">
      <metrics statements="11" coveredstatements="11" conditionals="4" coveredconditionals="4" methods="5" coveredmethods="5"/>
      <file name="filter.service.js" path="/Users/mac/Desktop/Code/SortPop/src/services/filter/filter.service.js">
        <metrics statements="11" coveredstatements="11" conditionals="4" coveredconditionals="4" methods="5" coveredmethods="5"/>
        <line num="10" count="2" type="stmt"/>
        <line num="12" count="2" type="stmt"/>
        <line num="13" count="3" type="stmt"/>
        <line num="14" count="14" type="stmt"/>
        <line num="15" count="91" type="stmt"/>
        <line num="17" count="14" type="cond" truecount="2" falsecount="0"/>
        <line num="20" count="3" type="cond" truecount="2" falsecount="0"/>
        <line num="21" count="2" type="stmt"/>
        <line num="25" count="2" type="stmt"/>
        <line num="26" count="3" type="stmt"/>
        <line num="29" count="2" type="stmt"/>
      </file>
    </package>
  </project>
</coverage>
