{"/Users/mac/Desktop/Code/SortPop/src/services/argument.service.js": {"path":"/Users/mac/Desktop/Code/SortPop/src/services/argument.service.js","statementMap":{"0":{"start":{"line":11,"column":8},"end":{"line":14,"column":11}},"1":{"start":{"line":12,"column":12},"end":{"line":12,"column":49}},"2":{"start":{"line":13,"column":12},"end":{"line":13,"column":19}},"3":{"start":{"line":15,"column":40},"end":{"line":15,"column":59}},"4":{"start":{"line":16,"column":21},"end":{"line":16,"column":72}},"5":{"start":{"line":17,"column":24},"end":{"line":17,"column":45}},"6":{"start":{"line":19,"column":8},"end":{"line":27,"column":9}},"7":{"start":{"line":20,"column":12},"end":{"line":23,"column":13}},"8":{"start":{"line":21,"column":12},"end":{"line":21,"column":48}},"9":{"start":{"line":22,"column":12},"end":{"line":22,"column":19}},"10":{"start":{"line":24,"column":33},"end":{"line":24,"column":65}},"11":{"start":{"line":25,"column":12},"end":{"line":25,"column":55}},"12":{"start":{"line":26,"column":12},"end":{"line":26,"column":19}},"13":{"start":{"line":29,"column":8},"end":{"line":33,"column":9}},"14":{"start":{"line":30,"column":27},"end":{"line":30,"column":52}},"15":{"start":{"line":31,"column":12},"end":{"line":31,"column":49}},"16":{"start":{"line":32,"column":12},"end":{"line":32,"column":19}},"17":{"start":{"line":35,"column":8},"end":{"line":35,"column":51}},"18":{"start":{"line":36,"column":8},"end":{"line":36,"column":15}}},"fnMap":{"0":{"name":"(anonymous_0)","decl":{"start":{"line":10,"column":4},"end":{"line":10,"column":5}},"loc":{"start":{"line":10,"column":34},"end":{"line":37,"column":5}},"line":10}},"branchMap":{"0":{"loc":{"start":{"line":11,"column":8},"end":{"line":14,"column":11}},"type":"if","locations":[{"start":{"line":11,"column":8},"end":{"line":14,"column":11}},{"start":{},"end":{}}],"line":11},"1":{"loc":{"start":{"line":16,"column":21},"end":{"line":16,"column":72}},"type":"cond-expr","locations":[{"start":{"line":16,"column":53},"end":{"line":16,"column":65}},{"start":{"line":16,"column":68},"end":{"line":16,"column":72}}],"line":16},"2":{"loc":{"start":{"line":19,"column":8},"end":{"line":27,"column":9}},"type":"if","locations":[{"start":{"line":19,"column":8},"end":{"line":27,"column":9}},{"start":{},"end":{}}],"line":19},"3":{"loc":{"start":{"line":20,"column":12},"end":{"line":23,"column":13}},"type":"if","locations":[{"start":{"line":20,"column":12},"end":{"line":23,"column":13}},{"start":{},"end":{}}],"line":20},"4":{"loc":{"start":{"line":29,"column":8},"end":{"line":33,"column":9}},"type":"if","locations":[{"start":{"line":29,"column":8},"end":{"line":33,"column":9}},{"start":{},"end":{}}],"line":29}},"s":{"0":5,"1":1,"2":1,"3":4,"4":4,"5":4,"6":4,"7":2,"8":1,"9":1,"10":1,"11":1,"12":1,"13":2,"14":1,"15":1,"16":1,"17":1,"18":1},"f":{"0":5},"b":{"0":[1,4],"1":[4,0],"2":[2,2],"3":[1,1],"4":[1,1]},"inputSourceMap":null,"_coverageSchema":"1a1c01bbd47fc00a2c39e90264f33305004495a9","hash":"86704ffd5f5ef045d8df24c310eb67342dd19733"}
,"/Users/mac/Desktop/Code/SortPop/src/services/count.service.js": {"path":"/Users/mac/Desktop/Code/SortPop/src/services/count.service.js","statementMap":{"0":{"start":{"line":9,"column":23},"end":{"line":18,"column":10}},"1":{"start":{"line":10,"column":26},"end":{"line":10,"column":50}},"2":{"start":{"line":11,"column":12},"end":{"line":16,"column":13}},"3":{"start":{"line":12,"column":16},"end":{"line":15,"column":19}},"4":{"start":{"line":13,"column":36},"end":{"line":13,"column":78}},"5":{"start":{"line":14,"column":16},"end":{"line":14,"column":78}},"6":{"start":{"line":17,"column":12},"end":{"line":17,"column":64}},"7":{"start":{"line":20,"column":8},"end":{"line":20,"column":22}},"8":{"start":{"line":29,"column":8},"end":{"line":33,"column":9}},"9":{"start":{"line":30,"column":8},"end":{"line":30,"column":34}},"10":{"start":{"line":31,"column":15},"end":{"line":33,"column":9}},"11":{"start":{"line":32,"column":8},"end":{"line":32,"column":35}},"12":{"start":{"line":34,"column":8},"end":{"line":34,"column":17}}},"fnMap":{"0":{"name":"(anonymous_0)","decl":{"start":{"line":7,"column":4},"end":{"line":7,"column":5}},"loc":{"start":{"line":7,"column":26},"end":{"line":21,"column":5}},"line":7},"1":{"name":"(anonymous_1)","decl":{"start":{"line":9,"column":32},"end":{"line":9,"column":33}},"loc":{"start":{"line":9,"column":40},"end":{"line":18,"column":9}},"line":9},"2":{"name":"(anonymous_2)","decl":{"start":{"line":12,"column":46},"end":{"line":12,"column":47}},"loc":{"start":{"line":12,"column":56},"end":{"line":15,"column":17}},"line":12},"3":{"name":"(anonymous_3)","decl":{"start":{"line":28,"column":4},"end":{"line":28,"column":5}},"loc":{"start":{"line":28,"column":24},"end":{"line":35,"column":5}},"line":28}},"branchMap":{"0":{"loc":{"start":{"line":11,"column":12},"end":{"line":16,"column":13}},"type":"if","locations":[{"start":{"line":11,"column":12},"end":{"line":16,"column":13}},{"start":{},"end":{}}],"line":11},"1":{"loc":{"start":{"line":13,"column":36},"end":{"line":13,"column":78}},"type":"cond-expr","locations":[{"start":{"line":13,"column":53},"end":{"line":13,"column":74}},{"start":{"line":13,"column":77},"end":{"line":13,"column":78}}],"line":13},"2":{"loc":{"start":{"line":29,"column":8},"end":{"line":33,"column":9}},"type":"if","locations":[{"start":{"line":29,"column":8},"end":{"line":33,"column":9}},{"start":{"line":31,"column":15},"end":{"line":33,"column":9}}],"line":29},"3":{"loc":{"start":{"line":31,"column":15},"end":{"line":33,"column":9}},"type":"if","locations":[{"start":{"line":31,"column":15},"end":{"line":33,"column":9}},{"start":{},"end":{}}],"line":31}},"s":{"0":1,"1":2,"2":2,"3":1,"4":2,"5":2,"6":2,"7":1,"8":5,"9":2,"10":3,"11":2,"12":1},"f":{"0":1,"1":2,"2":2,"3":5},"b":{"0":[1,1],"1":[2,0],"2":[2,3],"3":[2,1]},"inputSourceMap":null,"_coverageSchema":"1a1c01bbd47fc00a2c39e90264f33305004495a9","hash":"a49a214ea5c9747cc08c34f45bc8b71457265eb2"}
,"/Users/mac/Desktop/Code/SortPop/src/services/filter.service.js": {"path":"/Users/mac/Desktop/Code/SortPop/src/services/filter.service.js","statementMap":{"0":{"start":{"line":10,"column":29},"end":{"line":10,"column":31}},"1":{"start":{"line":12,"column":29},"end":{"line":23,"column":9}},"2":{"start":{"line":13,"column":35},"end":{"line":18,"column":30}},"3":{"start":{"line":14,"column":40},"end":{"line":16,"column":18}},"4":{"start":{"line":15,"column":20},"end":{"line":15,"column":85}},"5":{"start":{"line":17,"column":16},"end":{"line":17,"column":99}},"6":{"start":{"line":20,"column":12},"end":{"line":22,"column":13}},"7":{"start":{"line":21,"column":16},"end":{"line":21,"column":71}},"8":{"start":{"line":25,"column":8},"end":{"line":27,"column":11}},"9":{"start":{"line":26,"column":12},"end":{"line":26,"column":31}},"10":{"start":{"line":29,"column":8},"end":{"line":29,"column":28}}},"fnMap":{"0":{"name":"(anonymous_0)","decl":{"start":{"line":8,"column":4},"end":{"line":8,"column":5}},"loc":{"start":{"line":8,"column":35},"end":{"line":30,"column":5}},"line":8},"1":{"name":"(anonymous_1)","decl":{"start":{"line":12,"column":29},"end":{"line":12,"column":30}},"loc":{"start":{"line":12,"column":39},"end":{"line":23,"column":9}},"line":12},"2":{"name":"(anonymous_2)","decl":{"start":{"line":13,"column":51},"end":{"line":13,"column":52}},"loc":{"start":{"line":13,"column":63},"end":{"line":18,"column":13}},"line":13},"3":{"name":"(anonymous_3)","decl":{"start":{"line":14,"column":62},"end":{"line":14,"column":63}},"loc":{"start":{"line":14,"column":74},"end":{"line":16,"column":17}},"line":14},"4":{"name":"(anonymous_4)","decl":{"start":{"line":25,"column":21},"end":{"line":25,"column":22}},"loc":{"start":{"line":25,"column":31},"end":{"line":27,"column":9}},"line":25}},"branchMap":{"0":{"loc":{"start":{"line":17,"column":23},"end":{"line":17,"column":98}},"type":"cond-expr","locations":[{"start":{"line":17,"column":52},"end":{"line":17,"column":91}},{"start":{"line":17,"column":94},"end":{"line":17,"column":98}}],"line":17},"1":{"loc":{"start":{"line":20,"column":12},"end":{"line":22,"column":13}},"type":"if","locations":[{"start":{"line":20,"column":12},"end":{"line":22,"column":13}},{"start":{},"end":{}}],"line":20}},"s":{"0":2,"1":2,"2":3,"3":14,"4":91,"5":14,"6":3,"7":2,"8":2,"9":3,"10":2},"f":{"0":2,"1":3,"2":14,"3":91,"4":3},"b":{"0":[2,12],"1":[2,1]},"inputSourceMap":null,"_coverageSchema":"1a1c01bbd47fc00a2c39e90264f33305004495a9","hash":"e5e1807e0730cc96c6a67fa17188295436b10803"}
}
