TN:
SF:src/services/argument/argument.service.js
FN:10,(anonymous_0)
FNF:1
FNH:1
FNDA:5,(anonymous_0)
DA:11,5
DA:12,1
DA:13,1
DA:15,4
DA:16,4
DA:17,4
DA:19,4
DA:20,2
DA:21,1
DA:22,1
DA:24,1
DA:25,1
DA:26,1
DA:29,2
DA:30,1
DA:31,1
DA:32,1
DA:35,1
DA:36,1
LF:19
LH:19
BRDA:11,0,0,1
BRDA:11,0,1,4
BRDA:16,1,0,4
BRDA:16,1,1,0
BRDA:19,2,0,2
BRDA:19,2,1,2
BRDA:20,3,0,1
BRDA:20,3,1,1
BRDA:29,4,0,1
BRDA:29,4,1,1
BRF:10
BRH:9
end_of_record
TN:
SF:src/services/count/count.service.js
FN:7,(anonymous_0)
FN:9,(anonymous_1)
FN:12,(anonymous_2)
FN:28,(anonymous_3)
FNF:4
FNH:4
FNDA:1,(anonymous_0)
FNDA:2,(anonymous_1)
FNDA:2,(anonymous_2)
FNDA:5,(anonymous_3)
DA:9,1
DA:10,2
DA:11,2
DA:12,1
DA:13,2
DA:14,2
DA:17,2
DA:20,1
DA:29,5
DA:30,2
DA:31,3
DA:32,2
DA:34,1
LF:13
LH:13
BRDA:11,0,0,1
BRDA:11,0,1,1
BRDA:13,1,0,2
BRDA:13,1,1,0
BRDA:29,2,0,2
BRDA:29,2,1,3
BRDA:31,3,0,2
BRDA:31,3,1,1
BRF:8
BRH:7
end_of_record
TN:
SF:src/services/filter/filter.service.js
FN:8,(anonymous_0)
FN:12,(anonymous_1)
FN:13,(anonymous_2)
FN:14,(anonymous_3)
FN:25,(anonymous_4)
FNF:5
FNH:5
FNDA:2,(anonymous_0)
FNDA:3,(anonymous_1)
FNDA:14,(anonymous_2)
FNDA:91,(anonymous_3)
FNDA:3,(anonymous_4)
DA:10,2
DA:12,2
DA:13,3
DA:14,14
DA:15,91
DA:17,14
DA:20,3
DA:21,2
DA:25,2
DA:26,3
DA:29,2
LF:11
LH:11
BRDA:17,0,0,2
BRDA:17,0,1,12
BRDA:20,1,0,2
BRDA:20,1,1,1
BRF:4
BRH:4
end_of_record
